<?xml version="1.0" encoding="UTF-8"?>
<!-- Generated by org.testng.reporters.JUnitReportReporter -->
<testsuite hostname="LAPTOP-E6LSSHHS" failures="0" tests="1" name="TestNG_Sequential.Amazon" time="8.979" errors="0" timestamp="2023-10-04T20:42:58 IST" skipped="0">
  <testcase classname="TestNG_Sequential.Amazon" name="amz" time="8.979"/>
  <system-out/>
</testsuite> <!-- TestNG_Sequential.Amazon -->
