<?xml version="1.0" encoding="UTF-8"?>
<!-- Generated by org.testng.reporters.JUnitReportReporter -->
<testsuite hostname="LAPTOP-E6LSSHHS" failures="0" tests="1" name="TestNg_Failling.amazon" time="7.521" errors="0" timestamp="2023-10-07T20:32:12 IST" skipped="0">
  <testcase classname="TestNg_Failling.amazon" name="amz" time="7.521"/>
  <system-out/>
</testsuite> <!-- TestNg_Failling.amazon -->
