<?xml version="1.0" encoding="UTF-8"?>
<!-- Generated by org.testng.reporters.JUnitReportReporter -->
<testsuite hostname="LAPTOP-E6LSSHHS" failures="0" tests="3" name="TestNG.DataProviders" time="15.839" errors="0" timestamp="2023-10-06T20:50:46 IST" skipped="0">
  <testcase classname="TestNG.DataProviders" name="facebook" time="4.387"/>
  <system-out/>
  <testcase classname="TestNG.DataProviders" name="facebook" time="7.043"/>
  <system-out/>
  <testcase classname="TestNG.DataProviders" name="facebook" time="4.409"/>
  <system-out/>
</testsuite> <!-- TestNG.DataProviders -->
