<?xml version="1.0" encoding="UTF-8"?>
<!-- Generated by org.testng.reporters.JUnitReportReporter -->
<testsuite hostname="LAPTOP-E6LSSHHS" failures="0" tests="3" name="TestNG.Annotations" time="19.256" errors="0" timestamp="2023-10-06T21:23:05 IST" skipped="0">
  <testcase classname="TestNG.Annotations" name="amazon" time="8.703"/>
  <system-out/>
  <testcase classname="TestNG.Annotations" name="snapdeal" time="6.411"/>
  <system-out/>
  <testcase classname="TestNG.Annotations" name="facebook" time="4.142"/>
  <system-out/>
</testsuite> <!-- TestNG.Annotations -->
