<?xml version="1.0" encoding="UTF-8"?>
<!-- Generated by org.testng.reporters.JUnitReportReporter -->
<testsuite hostname="LAPTOP-E6LSSHHS" failures="0" tests="2" name="TestNg_Group.Sample2" time="0.002" errors="0" timestamp="2023-10-05T20:36:11 IST" skipped="0">
  <testcase classname="TestNg_Group.Sample2" name="demo6" time="0.001"/>
  <system-out/>
  <testcase classname="TestNg_Group.Sample2" name="demo4" time="0.001"/>
  <system-out/>
</testsuite> <!-- TestNg_Group.Sample2 -->
