<?xml version="1.0" encoding="UTF-8"?>
<!-- Generated by org.testng.reporters.JUnitReportReporter -->
<testsuite hostname="LAPTOP-E6LSSHHS" failures="0" tests="1" name="TestNg_Failling.facebook" time="10.193" errors="0" timestamp="2023-10-07T20:32:12 IST" skipped="0">
  <testcase classname="TestNg_Failling.facebook" name="amz" time="10.193"/>
  <system-out/>
</testsuite> <!-- TestNg_Failling.facebook -->
