<?xml version="1.0" encoding="UTF-8"?>
<!-- Generated by org.testng.reporters.JUnitReportReporter -->
<testsuite hostname="LAPTOP-E6LSSHHS" failures="0" tests="9" name="TestNG.Priority_Invocation_Enabled" time="0.013" errors="0" timestamp="2023-10-05T17:46:36 IST" skipped="0">
  <testcase classname="TestNG.Priority_Invocation_Enabled" name="demo3" time="0.007"/>
  <system-out/>
  <testcase classname="TestNG.Priority_Invocation_Enabled" name="demo3" time="0.000"/>
  <system-out/>
  <testcase classname="TestNG.Priority_Invocation_Enabled" name="demo3" time="0.001"/>
  <system-out/>
  <testcase classname="TestNG.Priority_Invocation_Enabled" name="demo3" time="0.001"/>
  <system-out/>
  <testcase classname="TestNG.Priority_Invocation_Enabled" name="demo2" time="0.001"/>
  <system-out/>
  <testcase classname="TestNG.Priority_Invocation_Enabled" name="demo2" time="0.001"/>
  <system-out/>
  <testcase classname="TestNG.Priority_Invocation_Enabled" name="demo2" time="0.001"/>
  <system-out/>
  <testcase classname="TestNG.Priority_Invocation_Enabled" name="demo1" time="0.000"/>
  <system-out/>
  <testcase classname="TestNG.Priority_Invocation_Enabled" name="demo1" time="0.001"/>
  <system-out/>
</testsuite> <!-- TestNG.Priority_Invocation_Enabled -->
