<?xml version="1.0" encoding="UTF-8"?>
<!-- Generated by org.testng.reporters.JUnitReportReporter -->
<testsuite hostname="LAPTOP-E6LSSHHS" failures="0" tests="1" name="TestNG_Sequential.Snapdeal" time="6.783" errors="0" timestamp="2023-10-04T20:42:58 IST" skipped="0">
  <testcase classname="TestNG_Sequential.Snapdeal" name="snapdeal" time="6.783"/>
  <system-out/>
</testsuite> <!-- TestNG_Sequential.Snapdeal -->
