<?xml version="1.0" encoding="UTF-8"?>
<!-- Generated by org.testng.reporters.JUnitReportReporter -->
<testsuite hostname="LAPTOP-E6LSSHHS" failures="0" tests="2" name="TestNG_Parallel.Facebook" time="16.341" errors="0" timestamp="2023-10-05T19:40:53 IST" skipped="0">
  <testcase classname="TestNG_Parallel.Facebook" name="fb" time="5.627"/>
  <system-out/>
  <testcase classname="TestNG_Parallel.Facebook" name="fb" time="10.714"/>
  <system-out/>
</testsuite> <!-- TestNG_Parallel.Facebook -->
